2022-05-04 16:32:06.756  INFO 2332 --- [main] c.j.finetapi.FinetApiApplicationTests    : Starting FinetApiApplicationTests using Java 11.0.14 on 7SPXFG3 with PID 2332 (started by sophea.mak in C:\workspace\finet-api)
2022-05-04 16:32:06.759  INFO 2332 --- [main] c.j.finetapi.FinetApiApplicationTests    : No active profile set, falling back to 1 default profile: "default"
2022-05-04 16:32:10.464  INFO 2332 --- [main] o.s.b.a.e.web.EndpointLinksResolver      : Exposing 2 endpoint(s) beneath base path '/actuator'
2022-05-04 16:32:11.818  INFO 2332 --- [main] o.s.b.a.w.s.WelcomePageHandlerMapping    : Adding welcome page: class path resource [static/index.html]
2022-05-04 16:32:12.611  INFO 2332 --- [main] c.j.finetapi.FinetApiApplicationTests    : Started FinetApiApplicationTests in 6.833 seconds (JVM running for 9.443)
2022-05-04 16:34:33.070  INFO 19496 --- [main] c.j.finetapi.FinetApiApplicationTests    : Starting FinetApiApplicationTests using Java 11.0.14 on 7SPXFG3 with PID 19496 (started by sophea.mak in C:\workspace\finet-api)
2022-05-04 16:34:33.074  INFO 19496 --- [main] c.j.finetapi.FinetApiApplicationTests    : No active profile set, falling back to 1 default profile: "default"
2022-05-04 16:34:36.828  INFO 19496 --- [main] o.s.b.a.e.web.EndpointLinksResolver      : Exposing 2 endpoint(s) beneath base path '/actuator'
2022-05-04 16:34:38.769  INFO 19496 --- [main] o.s.b.a.w.s.WelcomePageHandlerMapping    : Adding welcome page: class path resource [static/index.html]
2022-05-04 16:34:40.329  INFO 19496 --- [main] c.j.finetapi.FinetApiApplicationTests    : Started FinetApiApplicationTests in 8.213 seconds (JVM running for 10.797)
2022-05-04 16:35:31.702  INFO 22252 --- [main] c.j.finetapi.FinetApiApplicationTests    : Starting FinetApiApplicationTests using Java 11.0.14 on 7SPXFG3 with PID 22252 (started by sophea.mak in C:\workspace\finet-api)
2022-05-04 16:35:31.704  INFO 22252 --- [main] c.j.finetapi.FinetApiApplicationTests    : No active profile set, falling back to 1 default profile: "default"
2022-05-04 16:35:35.434  INFO 22252 --- [main] o.s.b.a.e.web.EndpointLinksResolver      : Exposing 2 endpoint(s) beneath base path '/actuator'
2022-05-04 16:35:36.696  INFO 22252 --- [main] o.s.b.a.w.s.WelcomePageHandlerMapping    : Adding welcome page: class path resource [static/index.html]
2022-05-04 16:35:37.428  INFO 22252 --- [main] c.j.finetapi.FinetApiApplicationTests    : Started FinetApiApplicationTests in 6.486 seconds (JVM running for 8.982)
2022-05-04 16:40:37.160  INFO 17980 --- [main] c.j.finetapi.FinetApiApplicationTests    : Starting FinetApiApplicationTests using Java 11.0.14 on 7SPXFG3 with PID 17980 (started by sophea.mak in C:\workspace\finet-api)
2022-05-04 16:40:37.163  INFO 17980 --- [main] c.j.finetapi.FinetApiApplicationTests    : No active profile set, falling back to 1 default profile: "default"
2022-05-04 16:40:40.884  INFO 17980 --- [main] o.s.b.a.e.web.EndpointLinksResolver      : Exposing 2 endpoint(s) beneath base path '/actuator'
2022-05-04 16:40:42.171  INFO 17980 --- [main] o.s.b.a.w.s.WelcomePageHandlerMapping    : Adding welcome page: class path resource [static/index.html]
2022-05-04 16:40:42.936  INFO 17980 --- [main] c.j.finetapi.FinetApiApplicationTests    : Started FinetApiApplicationTests in 6.511 seconds (JVM running for 9.022)
